<?xml version="1.0" encoding="UTF-8"?>
<testsuite name="com.example.demo.TestingWebApplicationTests" tests="1" skipped="0" failures="0" errors="0" timestamp="2021-01-29T16:56:29" hostname="ubuntu" time="0.024">
  <properties/>
  <testcase name="contextLoads()" classname="com.example.demo.TestingWebApplicationTests" time="0.024"/>
  <system-out><![CDATA[2021-01-29 17:56:29.155  INFO 121927 --- [    Test worker] .b.t.c.SpringBootTestContextBootstrapper : Neither @ContextConfiguration nor @ContextHierarchy found for test class [com.example.demo.TestingWebApplicationTests], using SpringBootContextLoader
2021-01-29 17:56:29.159  INFO 121927 --- [    Test worker] o.s.t.c.support.AbstractContextLoader    : Could not detect default resource locations for test class [com.example.demo.TestingWebApplicationTests]: no resource found for suffixes {-context.xml, Context.groovy}.
2021-01-29 17:56:29.160  INFO 121927 --- [    Test worker] t.c.s.AnnotationConfigContextLoaderUtils : Could not detect default configuration classes for test class [com.example.demo.TestingWebApplicationTests]: TestingWebApplicationTests does not declare any static, non-private, non-final, nested classes annotated with @Configuration.
2021-01-29 17:56:29.172  INFO 121927 --- [    Test worker] .b.t.c.SpringBootTestContextBootstrapper : Found @SpringBootConfiguration com.example.demo.TestingWebApplication for test class com.example.demo.TestingWebApplicationTests
2021-01-29 17:56:29.178  INFO 121927 --- [    Test worker] .b.t.c.SpringBootTestContextBootstrapper : Loaded default TestExecutionListener class names from location [META-INF/spring.factories]: [org.springframework.boot.test.autoconfigure.restdocs.RestDocsTestExecutionListener, org.springframework.boot.test.autoconfigure.web.client.MockRestServiceServerResetTestExecutionListener, org.springframework.boot.test.autoconfigure.web.servlet.MockMvcPrintOnlyOnFailureTestExecutionListener, org.springframework.boot.test.autoconfigure.web.servlet.WebDriverTestExecutionListener, org.springframework.boot.test.autoconfigure.webservices.client.MockWebServiceServerTestExecutionListener, org.springframework.boot.test.mock.mockito.MockitoTestExecutionListener, org.springframework.boot.test.mock.mockito.ResetMocksTestExecutionListener, org.springframework.test.context.web.ServletTestExecutionListener, org.springframework.test.context.support.DirtiesContextBeforeModesTestExecutionListener, org.springframework.test.context.event.ApplicationEventsTestExecutionListener, org.springframework.test.context.support.DependencyInjectionTestExecutionListener, org.springframework.test.context.support.DirtiesContextTestExecutionListener, org.springframework.test.context.transaction.TransactionalTestExecutionListener, org.springframework.test.context.jdbc.SqlScriptsTestExecutionListener, org.springframework.test.context.event.EventPublishingTestExecutionListener]
2021-01-29 17:56:29.183  INFO 121927 --- [    Test worker] .b.t.c.SpringBootTestContextBootstrapper : Using TestExecutionListeners: [org.springframework.test.context.web.ServletTestExecutionListener@41300b14, org.springframework.test.context.support.DirtiesContextBeforeModesTestExecutionListener@74b7e891, org.springframework.test.context.event.ApplicationEventsTestExecutionListener@6c4b2968, org.springframework.boot.test.mock.mockito.MockitoTestExecutionListener@1968d21b, org.springframework.boot.test.autoconfigure.SpringBootDependencyInjectionTestExecutionListener@58410289, org.springframework.test.context.support.DirtiesContextTestExecutionListener@13f98a70, org.springframework.test.context.event.EventPublishingTestExecutionListener@26ccf10e, org.springframework.boot.test.autoconfigure.restdocs.RestDocsTestExecutionListener@79eb17c6, org.springframework.boot.test.autoconfigure.web.client.MockRestServiceServerResetTestExecutionListener@296e0738, org.springframework.boot.test.autoconfigure.web.servlet.MockMvcPrintOnlyOnFailureTestExecutionListener@769bb26f, org.springframework.boot.test.autoconfigure.web.servlet.WebDriverTestExecutionListener@371e6933, org.springframework.boot.test.autoconfigure.webservices.client.MockWebServiceServerTestExecutionListener@166a1d31, org.springframework.boot.test.mock.mockito.ResetMocksTestExecutionListener@4fe48f03]
]]></system-out>
  <system-err><![CDATA[]]></system-err>
</testsuite>
