<?xml version="1.0" encoding="UTF-8"?>
<testsuite name="com.example.demo.WebMockTest" tests="1" skipped="0" failures="0" errors="0" timestamp="2021-01-29T16:56:27" hostname="ubuntu" time="0.355">
  <properties/>
  <testcase name="greetingShouldReturnMessageFromService()" classname="com.example.demo.WebMockTest" time="0.355"/>
  <system-out><![CDATA[2021-01-29 17:56:25.438  INFO 121927 --- [    Test worker] .b.t.a.w.s.WebMvcTestContextBootstrapper : Neither @ContextConfiguration nor @ContextHierarchy found for test class [com.example.demo.WebMockTest], using SpringBootContextLoader
2021-01-29 17:56:25.445  INFO 121927 --- [    Test worker] o.s.t.c.support.AbstractContextLoader    : Could not detect default resource locations for test class [com.example.demo.WebMockTest]: no resource found for suffixes {-context.xml, Context.groovy}.
2021-01-29 17:56:25.446  INFO 121927 --- [    Test worker] t.c.s.AnnotationConfigContextLoaderUtils : Could not detect default configuration classes for test class [com.example.demo.WebMockTest]: WebMockTest does not declare any static, non-private, non-final, nested classes annotated with @Configuration.
2021-01-29 17:56:25.492  INFO 121927 --- [    Test worker] .b.t.c.SpringBootTestContextBootstrapper : Found @SpringBootConfiguration com.example.demo.TestingWebApplication for test class com.example.demo.WebMockTest
2021-01-29 17:56:25.497  INFO 121927 --- [    Test worker] .b.t.a.w.s.WebMvcTestContextBootstrapper : Loaded default TestExecutionListener class names from location [META-INF/spring.factories]: [org.springframework.boot.test.autoconfigure.restdocs.RestDocsTestExecutionListener, org.springframework.boot.test.autoconfigure.web.client.MockRestServiceServerResetTestExecutionListener, org.springframework.boot.test.autoconfigure.web.servlet.MockMvcPrintOnlyOnFailureTestExecutionListener, org.springframework.boot.test.autoconfigure.web.servlet.WebDriverTestExecutionListener, org.springframework.boot.test.autoconfigure.webservices.client.MockWebServiceServerTestExecutionListener, org.springframework.boot.test.mock.mockito.MockitoTestExecutionListener, org.springframework.boot.test.mock.mockito.ResetMocksTestExecutionListener, org.springframework.test.context.web.ServletTestExecutionListener, org.springframework.test.context.support.DirtiesContextBeforeModesTestExecutionListener, org.springframework.test.context.event.ApplicationEventsTestExecutionListener, org.springframework.test.context.support.DependencyInjectionTestExecutionListener, org.springframework.test.context.support.DirtiesContextTestExecutionListener, org.springframework.test.context.transaction.TransactionalTestExecutionListener, org.springframework.test.context.jdbc.SqlScriptsTestExecutionListener, org.springframework.test.context.event.EventPublishingTestExecutionListener]
2021-01-29 17:56:25.501  INFO 121927 --- [    Test worker] .b.t.a.w.s.WebMvcTestContextBootstrapper : Using TestExecutionListeners: [org.springframework.test.context.web.ServletTestExecutionListener@58277352, org.springframework.test.context.support.DirtiesContextBeforeModesTestExecutionListener@628c953b, org.springframework.test.context.event.ApplicationEventsTestExecutionListener@57686268, org.springframework.boot.test.mock.mockito.MockitoTestExecutionListener@18072ff3, org.springframework.boot.test.autoconfigure.SpringBootDependencyInjectionTestExecutionListener@7b596242, org.springframework.test.context.support.DirtiesContextTestExecutionListener@7dfa055f, org.springframework.test.context.event.EventPublishingTestExecutionListener@691543aa, org.springframework.boot.test.autoconfigure.restdocs.RestDocsTestExecutionListener@48cc81cc, org.springframework.boot.test.autoconfigure.web.client.MockRestServiceServerResetTestExecutionListener@7837a1e5, org.springframework.boot.test.autoconfigure.web.servlet.MockMvcPrintOnlyOnFailureTestExecutionListener@55ca8341, org.springframework.boot.test.autoconfigure.web.servlet.WebDriverTestExecutionListener@16019241, org.springframework.boot.test.autoconfigure.webservices.client.MockWebServiceServerTestExecutionListener@3a6fa3ac, org.springframework.boot.test.mock.mockito.ResetMocksTestExecutionListener@7f92158d]

  .   ____          _            __ _ _
 /\\ / ___'_ __ _ _(_)_ __  __ _ \ \ \ \
( ( )\___ | '_ | '_| | '_ \/ _` | \ \ \ \
 \\/  ___)| |_)| | | | | || (_| |  ) ) ) )
  '  |____| .__|_| |_|_| |_\__, | / / / /
 =========|_|==============|___/=/_/_/_/
 :: Spring Boot ::                (v2.4.2)

2021-01-29 17:56:25.638  INFO 121927 --- [    Test worker] com.example.demo.WebMockTest             : Starting WebMockTest using Java 11.0.9.1 on ubuntu with PID 121927 (started by viewadmin in /home/viewadmin/testing-spring)
2021-01-29 17:56:25.644  INFO 121927 --- [    Test worker] com.example.demo.WebMockTest             : No active profile set, falling back to default profiles: default
2021-01-29 17:56:26.775  INFO 121927 --- [    Test worker] o.s.s.concurrent.ThreadPoolTaskExecutor  : Initializing ExecutorService 'applicationTaskExecutor'
2021-01-29 17:56:27.075  INFO 121927 --- [    Test worker] o.s.b.t.m.w.SpringBootMockServletContext : Initializing Spring TestDispatcherServlet ''
2021-01-29 17:56:27.076  INFO 121927 --- [    Test worker] o.s.t.web.servlet.TestDispatcherServlet  : Initializing Servlet ''
2021-01-29 17:56:27.078  INFO 121927 --- [    Test worker] o.s.t.web.servlet.TestDispatcherServlet  : Completed initialization in 2 ms
2021-01-29 17:56:27.172  INFO 121927 --- [    Test worker] com.example.demo.WebMockTest             : Started WebMockTest in 1.662 seconds (JVM running for 21.738)

MockHttpServletRequest:
      HTTP Method = GET
      Request URI = /greeting
       Parameters = {}
          Headers = []
             Body = null
    Session Attrs = {}

Handler:
             Type = com.example.demo.GreetingController
           Method = com.example.demo.GreetingController#greeting()

Async:
    Async started = false
     Async result = null

Resolved Exception:
             Type = null

ModelAndView:
        View name = null
             View = null
            Model = null

FlashMap:
       Attributes = null

MockHttpServletResponse:
           Status = 200
    Error message = null
          Headers = [Content-Type:"text/plain;charset=UTF-8", Content-Length:"11"]
     Content type = text/plain;charset=UTF-8
             Body = Hello, Mock
    Forwarded URL = null
   Redirected URL = null
          Cookies = []
]]></system-out>
  <system-err><![CDATA[]]></system-err>
</testsuite>
