<?xml version="1.0" encoding="UTF-8"?>
<testsuite name="com.example.demo.WebLayerTest" tests="1" skipped="0" failures="0" errors="0" timestamp="2021-01-29T16:56:29" hostname="ubuntu" time="0.043">
  <properties/>
  <testcase name="shouldReturnDefaultMessage()" classname="com.example.demo.WebLayerTest" time="0.043"/>
  <system-out><![CDATA[2021-01-29 17:56:27.570  INFO 121927 --- [    Test worker] .b.t.a.w.s.WebMvcTestContextBootstrapper : Neither @ContextConfiguration nor @ContextHierarchy found for test class [com.example.demo.WebLayerTest], using SpringBootContextLoader
2021-01-29 17:56:27.573  INFO 121927 --- [    Test worker] o.s.t.c.support.AbstractContextLoader    : Could not detect default resource locations for test class [com.example.demo.WebLayerTest]: no resource found for suffixes {-context.xml, Context.groovy}.
2021-01-29 17:56:27.575  INFO 121927 --- [    Test worker] t.c.s.AnnotationConfigContextLoaderUtils : Could not detect default configuration classes for test class [com.example.demo.WebLayerTest]: WebLayerTest does not declare any static, non-private, non-final, nested classes annotated with @Configuration.
2021-01-29 17:56:27.592  INFO 121927 --- [    Test worker] .b.t.c.SpringBootTestContextBootstrapper : Found @SpringBootConfiguration com.example.demo.TestingWebApplication for test class com.example.demo.WebLayerTest
2021-01-29 17:56:27.597  INFO 121927 --- [    Test worker] .b.t.a.w.s.WebMvcTestContextBootstrapper : Loaded default TestExecutionListener class names from location [META-INF/spring.factories]: [org.springframework.boot.test.autoconfigure.restdocs.RestDocsTestExecutionListener, org.springframework.boot.test.autoconfigure.web.client.MockRestServiceServerResetTestExecutionListener, org.springframework.boot.test.autoconfigure.web.servlet.MockMvcPrintOnlyOnFailureTestExecutionListener, org.springframework.boot.test.autoconfigure.web.servlet.WebDriverTestExecutionListener, org.springframework.boot.test.autoconfigure.webservices.client.MockWebServiceServerTestExecutionListener, org.springframework.boot.test.mock.mockito.MockitoTestExecutionListener, org.springframework.boot.test.mock.mockito.ResetMocksTestExecutionListener, org.springframework.test.context.web.ServletTestExecutionListener, org.springframework.test.context.support.DirtiesContextBeforeModesTestExecutionListener, org.springframework.test.context.event.ApplicationEventsTestExecutionListener, org.springframework.test.context.support.DependencyInjectionTestExecutionListener, org.springframework.test.context.support.DirtiesContextTestExecutionListener, org.springframework.test.context.transaction.TransactionalTestExecutionListener, org.springframework.test.context.jdbc.SqlScriptsTestExecutionListener, org.springframework.test.context.event.EventPublishingTestExecutionListener]
2021-01-29 17:56:27.605  INFO 121927 --- [    Test worker] .b.t.a.w.s.WebMvcTestContextBootstrapper : Using TestExecutionListeners: [org.springframework.test.context.web.ServletTestExecutionListener@4c64b68a, org.springframework.test.context.support.DirtiesContextBeforeModesTestExecutionListener@619c1f67, org.springframework.test.context.event.ApplicationEventsTestExecutionListener@734c56eb, org.springframework.boot.test.mock.mockito.MockitoTestExecutionListener@4b4cf175, org.springframework.boot.test.autoconfigure.SpringBootDependencyInjectionTestExecutionListener@22f5de70, org.springframework.test.context.support.DirtiesContextTestExecutionListener@23938a6e, org.springframework.test.context.event.EventPublishingTestExecutionListener@32796bf9, org.springframework.boot.test.autoconfigure.restdocs.RestDocsTestExecutionListener@1e12e39a, org.springframework.boot.test.autoconfigure.web.client.MockRestServiceServerResetTestExecutionListener@1218b876, org.springframework.boot.test.autoconfigure.web.servlet.MockMvcPrintOnlyOnFailureTestExecutionListener@2de780a1, org.springframework.boot.test.autoconfigure.web.servlet.WebDriverTestExecutionListener@54b80047, org.springframework.boot.test.autoconfigure.webservices.client.MockWebServiceServerTestExecutionListener@5d3f3779, org.springframework.boot.test.mock.mockito.ResetMocksTestExecutionListener@a33ffa0]

  .   ____          _            __ _ _
 /\\ / ___'_ __ _ _(_)_ __  __ _ \ \ \ \
( ( )\___ | '_ | '_| | '_ \/ _` | \ \ \ \
 \\/  ___)| |_)| | | | | || (_| |  ) ) ) )
  '  |____| .__|_| |_|_| |_\__, | / / / /
 =========|_|==============|___/=/_/_/_/
 :: Spring Boot ::                (v2.4.2)

2021-01-29 17:56:27.688  INFO 121927 --- [    Test worker] com.example.demo.WebLayerTest            : Starting WebLayerTest using Java 11.0.9.1 on ubuntu with PID 121927 (started by viewadmin in /home/viewadmin/testing-spring)
2021-01-29 17:56:27.692  INFO 121927 --- [    Test worker] com.example.demo.WebLayerTest            : No active profile set, falling back to default profiles: default
2021-01-29 17:56:28.688  INFO 121927 --- [    Test worker] o.s.s.concurrent.ThreadPoolTaskExecutor  : Initializing ExecutorService 'applicationTaskExecutor'
2021-01-29 17:56:29.033  INFO 121927 --- [    Test worker] o.s.b.t.m.w.SpringBootMockServletContext : Initializing Spring TestDispatcherServlet ''
2021-01-29 17:56:29.034  INFO 121927 --- [    Test worker] o.s.t.web.servlet.TestDispatcherServlet  : Initializing Servlet ''
2021-01-29 17:56:29.036  INFO 121927 --- [    Test worker] o.s.t.web.servlet.TestDispatcherServlet  : Completed initialization in 1 ms
2021-01-29 17:56:29.080  INFO 121927 --- [    Test worker] com.example.demo.WebLayerTest            : Started WebLayerTest in 1.468 seconds (JVM running for 23.646)

MockHttpServletRequest:
      HTTP Method = GET
      Request URI = /
       Parameters = {}
          Headers = []
             Body = null
    Session Attrs = {}

Handler:
             Type = com.example.demo.HomeController
           Method = com.example.demo.HomeController#greeting()

Async:
    Async started = false
     Async result = null

Resolved Exception:
             Type = null

ModelAndView:
        View name = null
             View = null
            Model = null

FlashMap:
       Attributes = null

MockHttpServletResponse:
           Status = 200
    Error message = null
          Headers = [Content-Type:"text/plain;charset=UTF-8", Content-Length:"12"]
     Content type = text/plain;charset=UTF-8
             Body = Hello, World
    Forwarded URL = null
   Redirected URL = null
          Cookies = []
]]></system-out>
  <system-err><![CDATA[]]></system-err>
</testsuite>
