<?xml version="1.0" encoding="UTF-8"?>
<testsuite name="com.example.demo.HttpRequestTest" tests="1" skipped="0" failures="0" errors="0" timestamp="2021-01-29T16:56:32" hostname="ubuntu" time="0.513">
  <properties/>
  <testcase name="greetingShouldReturnDefaultMessage()" classname="com.example.demo.HttpRequestTest" time="0.513"/>
  <system-out><![CDATA[2021-01-29 17:56:29.310  INFO 121927 --- [    Test worker] .b.t.c.SpringBootTestContextBootstrapper : Neither @ContextConfiguration nor @ContextHierarchy found for test class [com.example.demo.HttpRequestTest], using SpringBootContextLoader
2021-01-29 17:56:29.314  INFO 121927 --- [    Test worker] o.s.t.c.support.AbstractContextLoader    : Could not detect default resource locations for test class [com.example.demo.HttpRequestTest]: no resource found for suffixes {-context.xml, Context.groovy}.
2021-01-29 17:56:29.315  INFO 121927 --- [    Test worker] t.c.s.AnnotationConfigContextLoaderUtils : Could not detect default configuration classes for test class [com.example.demo.HttpRequestTest]: HttpRequestTest does not declare any static, non-private, non-final, nested classes annotated with @Configuration.
2021-01-29 17:56:29.322  INFO 121927 --- [    Test worker] .b.t.c.SpringBootTestContextBootstrapper : Found @SpringBootConfiguration com.example.demo.TestingWebApplication for test class com.example.demo.HttpRequestTest
2021-01-29 17:56:29.334  INFO 121927 --- [    Test worker] .b.t.c.SpringBootTestContextBootstrapper : Loaded default TestExecutionListener class names from location [META-INF/spring.factories]: [org.springframework.boot.test.autoconfigure.restdocs.RestDocsTestExecutionListener, org.springframework.boot.test.autoconfigure.web.client.MockRestServiceServerResetTestExecutionListener, org.springframework.boot.test.autoconfigure.web.servlet.MockMvcPrintOnlyOnFailureTestExecutionListener, org.springframework.boot.test.autoconfigure.web.servlet.WebDriverTestExecutionListener, org.springframework.boot.test.autoconfigure.webservices.client.MockWebServiceServerTestExecutionListener, org.springframework.boot.test.mock.mockito.MockitoTestExecutionListener, org.springframework.boot.test.mock.mockito.ResetMocksTestExecutionListener, org.springframework.test.context.web.ServletTestExecutionListener, org.springframework.test.context.support.DirtiesContextBeforeModesTestExecutionListener, org.springframework.test.context.event.ApplicationEventsTestExecutionListener, org.springframework.test.context.support.DependencyInjectionTestExecutionListener, org.springframework.test.context.support.DirtiesContextTestExecutionListener, org.springframework.test.context.transaction.TransactionalTestExecutionListener, org.springframework.test.context.jdbc.SqlScriptsTestExecutionListener, org.springframework.test.context.event.EventPublishingTestExecutionListener]
2021-01-29 17:56:29.338  INFO 121927 --- [    Test worker] .b.t.c.SpringBootTestContextBootstrapper : Using TestExecutionListeners: [org.springframework.test.context.web.ServletTestExecutionListener@6a90cab3, org.springframework.test.context.support.DirtiesContextBeforeModesTestExecutionListener@5736eb5c, org.springframework.test.context.event.ApplicationEventsTestExecutionListener@54e681d, org.springframework.boot.test.mock.mockito.MockitoTestExecutionListener@2ff85684, org.springframework.boot.test.autoconfigure.SpringBootDependencyInjectionTestExecutionListener@4351d49a, org.springframework.test.context.support.DirtiesContextTestExecutionListener@235daba7, org.springframework.test.context.event.EventPublishingTestExecutionListener@55a53151, org.springframework.boot.test.autoconfigure.restdocs.RestDocsTestExecutionListener@38840117, org.springframework.boot.test.autoconfigure.web.client.MockRestServiceServerResetTestExecutionListener@753cf799, org.springframework.boot.test.autoconfigure.web.servlet.MockMvcPrintOnlyOnFailureTestExecutionListener@3b726a0a, org.springframework.boot.test.autoconfigure.web.servlet.WebDriverTestExecutionListener@4721fb8c, org.springframework.boot.test.autoconfigure.webservices.client.MockWebServiceServerTestExecutionListener@5fb5c6c6, org.springframework.boot.test.mock.mockito.ResetMocksTestExecutionListener@4da77296]

  .   ____          _            __ _ _
 /\\ / ___'_ __ _ _(_)_ __  __ _ \ \ \ \
( ( )\___ | '_ | '_| | '_ \/ _` | \ \ \ \
 \\/  ___)| |_)| | | | | || (_| |  ) ) ) )
  '  |____| .__|_| |_|_| |_\__, | / / / /
 =========|_|==============|___/=/_/_/_/
 :: Spring Boot ::                (v2.4.2)

2021-01-29 17:56:29.524  INFO 121927 --- [    Test worker] com.example.demo.HttpRequestTest         : Starting HttpRequestTest using Java 11.0.9.1 on ubuntu with PID 121927 (started by viewadmin in /home/viewadmin/testing-spring)
2021-01-29 17:56:29.535  INFO 121927 --- [    Test worker] com.example.demo.HttpRequestTest         : No active profile set, falling back to default profiles: default
2021-01-29 17:56:30.650  INFO 121927 --- [    Test worker] o.s.b.w.embedded.tomcat.TomcatWebServer  : Tomcat initialized with port(s): 0 (http)
2021-01-29 17:56:30.763  INFO 121927 --- [    Test worker] o.apache.catalina.core.StandardService   : Starting service [Tomcat]
2021-01-29 17:56:30.764  INFO 121927 --- [    Test worker] org.apache.catalina.core.StandardEngine  : Starting Servlet engine: [Apache Tomcat/9.0.41]
2021-01-29 17:56:31.130  INFO 121927 --- [    Test worker] o.a.c.c.C.[Tomcat].[localhost].[/]       : Initializing Spring embedded WebApplicationContext
2021-01-29 17:56:31.133  INFO 121927 --- [    Test worker] w.s.c.ServletWebServerApplicationContext : Root WebApplicationContext: initialization completed in 1591 ms
2021-01-29 17:56:31.708  INFO 121927 --- [    Test worker] o.s.s.concurrent.ThreadPoolTaskExecutor  : Initializing ExecutorService 'applicationTaskExecutor'
2021-01-29 17:56:32.448  INFO 121927 --- [    Test worker] o.s.b.w.embedded.tomcat.TomcatWebServer  : Tomcat started on port(s): 36667 (http) with context path ''
2021-01-29 17:56:32.466  INFO 121927 --- [    Test worker] com.example.demo.HttpRequestTest         : Started HttpRequestTest in 3.118 seconds (JVM running for 27.033)
2021-01-29 17:56:32.870  INFO 121927 --- [o-auto-1-exec-1] o.a.c.c.C.[Tomcat].[localhost].[/]       : Initializing Spring DispatcherServlet 'dispatcherServlet'
2021-01-29 17:56:32.881  INFO 121927 --- [o-auto-1-exec-1] o.s.web.servlet.DispatcherServlet        : Initializing Servlet 'dispatcherServlet'
2021-01-29 17:56:32.887  INFO 121927 --- [o-auto-1-exec-1] o.s.web.servlet.DispatcherServlet        : Completed initialization in 4 ms
]]></system-out>
  <system-err><![CDATA[]]></system-err>
</testsuite>
